<?xml version="1.0" encoding="UTF-8"?>
<testng-results ignored="0" total="1" passed="1" failed="0" skipped="0">
  <reporter-output>
    <line>
      <![CDATA[Test is passed]]>
    </line>
  </reporter-output>
  <suite started-at="2024-01-13T11:29:55 IST" name="Default suite" finished-at="2024-01-13T11:30:23 IST" duration-ms="27855">
    <groups>
    </groups>
    <test started-at="2024-01-13T11:29:55 IST" name="Default test" finished-at="2024-01-13T11:30:23 IST" duration-ms="27855">
      <class name="TestScripts.Place_OrderTest">
        <test-method is-config="true" signature="launchBrowser()[pri:0, instance:TestScripts.Place_OrderTest@50eac852]" started-at="2024-01-13T11:29:55 IST" name="launchBrowser" finished-at="2024-01-13T11:30:02 IST" duration-ms="6920" status="PASS">
          <reporter-output>
          </reporter-output>
        </test-method> <!-- launchBrowser -->
        <test-method is-config="true" signature="login()[pri:0, instance:TestScripts.Place_OrderTest@50eac852]" started-at="2024-01-13T11:30:02 IST" name="login" finished-at="2024-01-13T11:30:04 IST" duration-ms="1644" status="PASS">
          <reporter-output>
          </reporter-output>
        </test-method> <!-- login -->
        <test-method signature="placeOrder()[pri:0, instance:TestScripts.Place_OrderTest@50eac852]" started-at="2024-01-13T11:30:04 IST" name="placeOrder" finished-at="2024-01-13T11:30:22 IST" duration-ms="18116" status="PASS">
          <reporter-output>
            <line>
              <![CDATA[Test is passed]]>
            </line>
          </reporter-output>
        </test-method> <!-- placeOrder -->
        <test-method is-config="true" signature="logout()[pri:0, instance:TestScripts.Place_OrderTest@50eac852]" started-at="2024-01-13T11:30:22 IST" name="logout" finished-at="2024-01-13T11:30:23 IST" duration-ms="927" status="PASS">
          <reporter-output>
          </reporter-output>
        </test-method> <!-- logout -->
        <test-method is-config="true" signature="closeBrowser()[pri:0, instance:TestScripts.Place_OrderTest@50eac852]" started-at="2024-01-13T11:30:23 IST" name="closeBrowser" finished-at="2024-01-13T11:30:23 IST" duration-ms="212" status="PASS">
          <reporter-output>
          </reporter-output>
        </test-method> <!-- closeBrowser -->
      </class> <!-- TestScripts.Place_OrderTest -->
    </test> <!-- Default test -->
  </suite> <!-- Default suite -->
</testng-results>
